[    0.000000] Linux version 4.15.0-194-generic (buildd@lcy02-amd64-052) (gcc version 7.5.0 (Ubuntu 7.5.0-3ubuntu1~18.04)) #205-Ubuntu SMP Fri Sep 16 19:49:27 UTC 2022 (Ubuntu 4.15.0-194.205-generic 4.15.18)
[    0.000000] Command line: BOOT_IMAGE=/boot/vmlinuz-4.15.0-194-generic root=LABEL=cloudimg-rootfs ro console=tty1 console=ttyS0
[    0.000000] KERNEL supported cpus:
[    0.000000]   Intel GenuineIntel
[    0.000000]   AMD AuthenticAMD
[    0.000000]   Centaur CentaurHauls
[    0.000000] x86/fpu: Supporting XSAVE feature 0x001: 'x87 floating point registers'
[    0.000000] x86/fpu: Supporting XSAVE feature 0x002: 'SSE registers'
[    0.000000] x86/fpu: Supporting XSAVE feature 0x004: 'AVX registers'
[    0.000000] x86/fpu: xstate_offset[2]:  576, xstate_sizes[2]:  256
[    0.000000] x86/fpu: Enabled xstate features 0x7, context size is 832 bytes, using 'standard' format.
[    0.000000] e820: BIOS-provided physical RAM map:
[    0.000000] BIOS-e820: [mem 0x0000000000000000-0x000000000009fbff] usable
[    0.000000] BIOS-e820: [mem 0x000000000009fc00-0x000000000009ffff] reserved
[    0.000000] BIOS-e820: [mem 0x00000000000f0000-0x00000000000fffff] reserved
[    0.000000] BIOS-e820: [mem 0x0000000000100000-0x000000003ffeffff] usable
[    0.000000] BIOS-e820: [mem 0x000000003fff0000-0x000000003fffffff] ACPI data
[    0.000000] BIOS-e820: [mem 0x00000000fec00000-0x00000000fec00fff] reserved
[    0.000000] BIOS-e820: [mem 0x00000000fee00000-0x00000000fee00fff] reserved
[    0.000000] BIOS-e820: [mem 0x00000000fffc0000-0x00000000ffffffff] reserved
[    0.000000] NX (Execute Disable) protection: active
[    0.000000] SMBIOS 2.5 present.
[    0.000000] DMI: innotek GmbH VirtualBox/VirtualBox, BIOS VirtualBox 12/01/2006
[    0.000000] Hypervisor detected: KVM
[    0.000000] e820: last_pfn = 0x3fff0 max_arch_pfn = 0x400000000
[    0.000000] MTRR: Disabled
[    0.000000] x86/PAT: MTRRs disabled, skipping PAT initialization too.
[    0.000000] CPU MTRRs all blank - virtualized system.
[    0.000000] x86/PAT: Configuration [0-7]: WB  WT  UC- UC  WB  WT  UC- UC  
[    0.000000] found SMP MP-table at [mem 0x0009fff0-0x0009ffff]
[    0.000000] Scanning 1 areas for low memory corruption
[    0.000000] RAMDISK: [mem 0x359cb000-0x36cdcfff]
[    0.000000] ACPI: Early table checksum verification disabled
[    0.000000] ACPI: RSDP 0x00000000000E0000 000024 (v02 VBOX  )
[    0.000000] ACPI: XSDT 0x000000003FFF0030 00003C (v01 VBOX   VBOXXSDT 00000001 ASL  00000061)
[    0.000000] ACPI: FACP 0x000000003FFF00F0 0000F4 (v04 VBOX   VBOXFACP 00000001 ASL  00000061)
[    0.000000] ACPI: DSDT 0x000000003FFF0470 0021FF (v02 VBOX   VBOXBIOS 00000002 INTL 20100528)
[    0.000000] ACPI: FACS 0x000000003FFF0200 000040
[    0.000000] ACPI: FACS 0x000000003FFF0200 000040
[    0.000000] ACPI: APIC 0x000000003FFF0240 00005C (v02 VBOX   VBOXAPIC 00000001 ASL  00000061)
[    0.000000] ACPI: SSDT 0x000000003FFF02A0 0001CC (v01 VBOX   VBOXCPUT 00000002 INTL 20100528)
[    0.000000] ACPI: Reserving FACP table memory at [mem 0x3fff00f0-0x3fff01e3]
[    0.000000] ACPI: Reserving DSDT table memory at [mem 0x3fff0470-0x3fff266e]
[    0.000000] ACPI: Reserving FACS table memory at [mem 0x3fff0200-0x3fff023f]
[    0.000000] ACPI: Reserving FACS table memory at [mem 0x3fff0200-0x3fff023f]
[    0.000000] ACPI: Reserving APIC table memory at [mem 0x3fff0240-0x3fff029b]
[    0.000000] ACPI: Reserving SSDT table memory at [mem 0x3fff02a0-0x3fff046b]
[    0.000000] No NUMA configuration found
[    0.000000] Faking a node at [mem 0x0000000000000000-0x000000003ffeffff]
[    0.000000] NODE_DATA(0) allocated [mem 0x3ffc5000-0x3ffeffff]
[    0.000000] kvm-clock: cpu 0, msr 0:3ff44001, primary cpu clock
[    0.000000] kvm-clock: Using msrs 4b564d01 and 4b564d00
[    0.000000] kvm-clock: using sched offset of 5264353367 cycles
[    0.000000] clocksource: kvm-clock: mask: 0xffffffffffffffff max_cycles: 0x1cd42e4dffb, max_idle_ns: 881590591483 ns
[    0.000000] Zone ranges:
[    0.000000]   DMA      [mem 0x0000000000001000-0x0000000000ffffff]
[    0.000000]   DMA32    [mem 0x0000000001000000-0x000000003ffeffff]
[    0.000000]   Normal   empty
[    0.000000]   Device   empty
[    0.000000] Movable zone start for each node
[    0.000000] Early memory node ranges
[    0.000000]   node   0: [mem 0x0000000000001000-0x000000000009efff]
[    0.000000]   node   0: [mem 0x0000000000100000-0x000000003ffeffff]
[    0.000000] Reserved but unavailable: 104 pages
[    0.000000] Initmem setup node 0 [mem 0x0000000000001000-0x000000003ffeffff]
[    0.000000] ACPI: PM-Timer IO Port: 0x4008
[    0.000000] IOAPIC[0]: apic_id 2, version 32, address 0xfec00000, GSI 0-23
[    0.000000] ACPI: INT_SRC_OVR (bus 0 bus_irq 0 global_irq 2 dfl dfl)
[    0.000000] ACPI: INT_SRC_OVR (bus 0 bus_irq 9 global_irq 9 low level)
[    0.000000] Using ACPI (MADT) for SMP configuration information
[    0.000000] smpboot: Allowing 2 CPUs, 0 hotplug CPUs
[    0.000000] PM: Registered nosave memory: [mem 0x00000000-0x00000fff]
[    0.000000] PM: Registered nosave memory: [mem 0x0009f000-0x0009ffff]
[    0.000000] PM: Registered nosave memory: [mem 0x000a0000-0x000effff]
[    0.000000] PM: Registered nosave memory: [mem 0x000f0000-0x000fffff]
[    0.000000] e820: [mem 0x40000000-0xfebfffff] available for PCI devices
[    0.000000] Booting paravirtualized kernel on KVM
[    0.000000] clocksource: refined-jiffies: mask: 0xffffffff max_cycles: 0xffffffff, max_idle_ns: 7645519600211568 ns
[    0.000000] setup_percpu: NR_CPUS:8192 nr_cpumask_bits:2 nr_cpu_ids:2 nr_node_ids:1
[    0.000000] percpu: Embedded 50 pages/cpu s167936 r8192 d28672 u1048576
[    0.000000] PV qspinlock hash table entries: 256 (order: 0, 4096 bytes)
[    0.000000] Built 1 zonelists, mobility grouping on.  Total pages: 257913
[    0.000000] Policy zone: DMA32
[    0.000000] Kernel command line: BOOT_IMAGE=/boot/vmlinuz-4.15.0-194-generic root=LABEL=cloudimg-rootfs ro console=tty1 console=ttyS0
[    0.000000] Memory: 982652K/1048120K available (12300K kernel code, 2477K rwdata, 4320K rodata, 2472K init, 2720K bss, 65468K reserved, 0K cma-reserved)
[    0.000000] SLUB: HWalign=64, Order=0-3, MinObjects=0, CPUs=2, Nodes=1
[    0.000000] Kernel/User page tables isolation: enabled
[    0.000000] ftrace: allocating 39477 entries in 155 pages
[    0.004000] Hierarchical RCU implementation.
[    0.004000] 	RCU restricting CPUs from NR_CPUS=8192 to nr_cpu_ids=2.
[    0.004000] 	Tasks RCU enabled.
[    0.004000] RCU: Adjusting geometry for rcu_fanout_leaf=16, nr_cpu_ids=2
[    0.004000] NR_IRQS: 524544, nr_irqs: 440, preallocated irqs: 16
[    0.004000] random: crng init done
[    0.004000] Console: colour VGA+ 80x25
[    0.004000] console [tty1] enabled
[    0.004000] console [ttyS0] enabled
[    0.004000] ACPI: Core revision 20170831
[    0.004000] ACPI: 2 ACPI AML tables successfully acquired and loaded
[    0.004000] APIC: Switch to symmetric I/O mode setup
[    0.008923] x2apic enabled
[    0.012031] Switched APIC routing to physical x2apic.
[    0.020000] ..TIMER: vector=0x30 apic1=0 pin1=2 apic2=-1 pin2=-1
[    0.020007] tsc: Detected 2194.920 MHz processor
[    0.024013] Calibrating delay loop (skipped) preset value.. 4389.84 BogoMIPS (lpj=8779680)
[    0.028011] pid_max: default: 32768 minimum: 301
[    0.032108] Security Framework initialized
[    0.036014] Yama: becoming mindful.
[    0.040065] AppArmor: AppArmor initialized
[    0.048151] Dentry cache hash table entries: 131072 (order: 8, 1048576 bytes)
[    0.052172] Inode-cache hash table entries: 65536 (order: 7, 524288 bytes)
[    0.056047] Mount-cache hash table entries: 2048 (order: 2, 16384 bytes)
[    0.060025] Mountpoint-cache hash table entries: 2048 (order: 2, 16384 bytes)
[    0.064822] Last level iTLB entries: 4KB 64, 2MB 8, 4MB 8
[    0.068008] Last level dTLB entries: 4KB 64, 2MB 0, 4MB 0, 1GB 4
[    0.072010] Spectre V1 : Mitigation: usercopy/swapgs barriers and __user pointer sanitization
[    0.076010] Spectre V2 : Mitigation: Retpolines
[    0.080010] Spectre V2 : Spectre v2 / SpectreRSB mitigation: Filling RSB on context switch
[    0.084009] Speculative Store Bypass: Vulnerable
[    0.088071] MDS: Vulnerable: Clear CPU buffers attempted, no microcode
[    0.092009] SRBDS: Unknown: Dependent on hypervisor status
[    0.096611] Freeing SMP alternatives memory: 36K
[    0.216114] smpboot: CPU0: Intel(R) Core(TM) i5-5200U CPU @ 2.20GHz (family: 0x6, model: 0x3d, stepping: 0x4)
[    0.220243] Performance Events: unsupported p6 CPU model 61 no PMU driver, software events only.
[    0.228095] Hierarchical SRCU implementation.
[    0.233316] NMI watchdog: Perf event create on CPU 0 failed with -2
[    0.236007] NMI watchdog: Perf NMI watchdog permanently disabled
[    0.240152] smp: Bringing up secondary CPUs ...
[    0.244341] x86: Booting SMP configuration:
[    0.248013] .... node  #0, CPUs:      #1
[    0.004000] kvm-clock: cpu 1, msr 0:3ff44041, secondary cpu clock
[    0.279137] smp: Brought up 1 node, 2 CPUs
[    0.280015] smpboot: Max logical packages: 1
[    0.288011] smpboot: Total of 2 processors activated (8779.68 BogoMIPS)
[    0.292355] devtmpfs: initialized
[    0.296162] x86/mm: Memory block size: 128MB
[    0.300610] evm: security.selinux
[    0.304008] evm: security.SMACK64
[    0.308007] evm: security.SMACK64EXEC
[    0.309945] evm: security.SMACK64TRANSMUTE
[    0.312008] evm: security.SMACK64MMAP
[    0.316006] evm: security.apparmor
[    0.320008] evm: security.ima
[    0.324007] evm: security.capability
[    0.332280] clocksource: jiffies: mask: 0xffffffff max_cycles: 0xffffffff, max_idle_ns: 7645041785100000 ns
[    0.336033] futex hash table entries: 512 (order: 3, 32768 bytes)
[    0.340119] pinctrl core: initialized pinctrl subsystem
[    0.348238] RTC time: 13:52:33, date: 01/14/23
[    0.356226] NET: Registered protocol family 16
[    0.360383] audit: initializing netlink subsys (disabled)
[    0.368039] audit: type=2000 audit(1673704348.489:1): state=initialized audit_enabled=0 res=1
[    0.380013] cpuidle: using governor ladder
[    0.384029] cpuidle: using governor menu
[    0.388298] ACPI: bus type PCI registered
[    0.392009] acpiphp: ACPI Hot Plug PCI Controller Driver version: 0.5
[    0.396296] PCI: Using configuration type 1 for base access
[    0.408109] HugeTLB registered 2.00 MiB page size, pre-allocated 0 pages
[    0.416223] ACPI: Added _OSI(Module Device)
[    0.420025] ACPI: Added _OSI(Processor Device)
[    0.424009] ACPI: Added _OSI(3.0 _SCP Extensions)
[    0.428009] ACPI: Added _OSI(Processor Aggregator Device)
[    0.432012] ACPI: Added _OSI(Linux-Dell-Video)
[    0.436011] ACPI: Added _OSI(Linux-Lenovo-NV-HDMI-Audio)
[    0.440010] ACPI: Added _OSI(Linux-HPI-Hybrid-Graphics)
[    0.448693] ACPI: Executed 1 blocks of module-level executable AML code
[    0.471472] ACPI: Interpreter enabled
[    0.476081] ACPI: (supports S0 S5)
[    0.480009] ACPI: Using IOAPIC for interrupt routing
[    0.485112] PCI: Using host bridge windows from ACPI; if necessary, use "pci=nocrs" and report a bug
[    0.488583] ACPI: Enabled 2 GPEs in block 00 to 07
[    0.522122] ACPI: PCI Root Bridge [PCI0] (domain 0000 [bus 00-ff])
[    0.524025] acpi PNP0A03:00: _OSC: OS supports [ASPM ClockPM Segments MSI]
[    0.528126] acpi PNP0A03:00: _OSC: not requesting OS control; OS requires [ExtendedConfig ASPM ClockPM MSI]
[    0.532054] acpi PNP0A03:00: fail to add MMCONFIG information, can't access extended PCI configuration space under this bridge.
[    0.537337] PCI host bridge to bus 0000:00
[    0.540012] pci_bus 0000:00: root bus resource [io  0x0000-0x0cf7 window]
[    0.544015] pci_bus 0000:00: root bus resource [io  0x0d00-0xffff window]
[    0.548014] pci_bus 0000:00: root bus resource [mem 0x000a0000-0x000bffff window]
[    0.552014] pci_bus 0000:00: root bus resource [mem 0x40000000-0xfdffffff window]
[    0.556014] pci_bus 0000:00: root bus resource [bus 00-ff]
[    0.564875] pci 0000:00:01.1: legacy IDE quirk: reg 0x10: [io  0x01f0-0x01f7]
[    0.568011] pci 0000:00:01.1: legacy IDE quirk: reg 0x14: [io  0x03f6]
[    0.572015] pci 0000:00:01.1: legacy IDE quirk: reg 0x18: [io  0x0170-0x0177]
[    0.576013] pci 0000:00:01.1: legacy IDE quirk: reg 0x1c: [io  0x0376]
[    0.614027] pci 0000:00:07.0: quirk: [io  0x4000-0x403f] claimed by PIIX4 ACPI
[    0.616086] pci 0000:00:07.0: quirk: [io  0x4100-0x410f] claimed by PIIX4 SMB
[    0.648620] ACPI: PCI Interrupt Link [LNKA] (IRQs 5 9 10 *11)
[    0.653350] ACPI: PCI Interrupt Link [LNKB] (IRQs 5 9 *10 11)
[    0.656444] ACPI: PCI Interrupt Link [LNKC] (IRQs 5 *9 10 11)
[    0.660671] ACPI: PCI Interrupt Link [LNKD] (IRQs 5 9 10 *11)
[    0.668706] SCSI subsystem initialized
[    0.676108] pci 0000:00:02.0: vgaarb: setting as boot VGA device
[    0.680000] pci 0000:00:02.0: vgaarb: VGA device added: decodes=io+mem,owns=io+mem,locks=none
[    0.680017] pci 0000:00:02.0: vgaarb: bridge control possible
[    0.684008] vgaarb: loaded
[    0.688062] ACPI: bus type USB registered
[    0.692067] usbcore: registered new interface driver usbfs
[    0.696045] usbcore: registered new interface driver hub
[    0.700026] usbcore: registered new device driver usb
[    0.704160] EDAC MC: Ver: 3.0.0
[    0.708798] PCI: Using ACPI for IRQ routing
[    0.716536] NetLabel: Initializing
[    0.720007] NetLabel:  domain hash size = 128
[    0.724008] NetLabel:  protocols = UNLABELED CIPSOv4 CALIPSO
[    0.728045] NetLabel:  unlabeled traffic allowed by default
[    0.732239] clocksource: Switched to clocksource kvm-clock
[    0.803548] VFS: Disk quotas dquot_6.6.0
[   0806142 VFS: Dquot-cache hash tabe entries: 512 (order 0, 4096 bytes)
[   .006468] AppArmor: AppArmor Filesystem Enabled
[   1.104363] pnp: PnP ACP init
[    1.223405] pnp: PnP ACPI: found 3 devices

[    1.257287] clocksource: acpi_pm: mask: 0xffffff max_cycles: 0xffffff, max_idle_ns: 2085701024 ns
[   1.263331] NET: Registered protocol family 2
[   1.322284] IP idents hash table entries: 16384 (order: 5, 131072 bytes)
[    1.406832] TCPesablished hash table entries: 8192 (order: 4 653 bte)
[    1.84973 TP in hshtable entries: 8192 (order: 5, 131072 bytes)
[   2.174449TCP: Hash tables configured (established 8192 bind 8192)
[   2.311859] UDP hash table entries: 512 (order: 2, 16384 bytes)
[    2.361336] UDP-Lite hash table entries: 512 (orer 2 138 btes)
[   2.6139]NE: egstred protocol famil1[   .18590] pci 0000:00:00.0: Limiiti dret CIPC tanfes[   3.893750] pci 0000:00:01.0: Actvain IA MAhang workarounds
[   4.68591] pci 0000:00:02.0: Video device with shadowed ROM at [mem 0x000c0000-0x000dffff]
[    4.399771] Upakig niramfs...

[    5.801313] Freeing initrd memory: 19528K
[    5.850057] clocksource: tsc: mask: 0xffffffffffffffff max_cycles: 0x1fa373f688b, max_idle_ns: 440795233648 ns
[    5.885880] platform rtc_cmos: registered platform RTC device (no PNP device found)
[    5.894090] Scanning for low memory corruption every 60 seconds
[    5.919510] Initialise system trusted keyrings
[    5.949766] Key type blacklist registered
[    5.961574] workingset: timestamp_bits=36 max_order=18 bucket_order=0
[    6.003748] zbud: loaded
[    6.034430] squashfs: version 4.0 (2009/01/31) Phillip Lougher
[    6.039756] fuse init (API version 7.26)
[    6.075630] Key type asymmetric registered
[    6.091279] Asymmetric key parser 'x509' registered
[    6.109562] Block layer SCSI generic (bsg) driver version 0.4 loaded (major 246)
[    6.135842] io scheduler noop registered
[    6.150242] io scheduler deadline registered
[    6.179885] io scheduler cfq registered (default)
[    6.200285] ACPI: AC Adapter [AC] (on-line)
[    6.229302] input: Power Button as /devices/LNXSYSTM:00/LNXPWRBN:00/input/input0
[    6.253351] ACPI: Power Button [PWRF]
[    6.286609] input: Sleep Button as /devices/LNXSYSTM:00/LNXSLPBN:00/input/input1
[    6.304802] ACPI: Sleep Button [SLPF]
[    6.343869] ACPI: Battery Slot [BAT0] (battery present)
[    6.351723] Serial: 820/6550 driver, 32 pors, IRQ sharing enabled

[    6.587]00:02: ttyS0 at I/O 0x3f8 (irq = 4, base_baud = 115200) is a 16550A

[    6.779267] Linux agpgart interface v0.103
[    6.809087] loop: module loaded
[    6.825829] scsi host0: atapiix
[    6.906849] scsi host1: ata_piix
[    6.911587] ata1: PATA max UDMA/33 cmd 0x1f0 ctl 0x3f6 bmdma 0xd000 irq 14
[    6.920385] ata2: PATA max UDMA/33 cmd 0x170 ctl 0x376 bmdma 0xd008 irq 15
[    6.939511] tun: Universal TUN/TAP device driver, 1.6
[    6.972249] PPP generic driver version 2.4.2
[    6.990240] ehci_hcd: USB 2.0 'Enhanced' Host Controller (EHCI) Driver
[    7.030354] ehci-pci: EHCI PCI platform driver
[    7.039736] ehci-platform: EHCI generic platform driver
[    7.061567] ohci_hcd: USB 1.1 'Open' Host Controller (OHCI) Driver
[    7.074241] ohci-pci: OHCI PCI platform driver
[    7.086002] ohci-platform: OHCI generic platform driver
[    7.092864] uhci_hcd: USB Universal Host Controller Interface driver
[    7.101830] i8042: PNP: PS/2 Controller [PNP0303:PS2K,PNP0f03:PS2M] at 0x60,0x64 irq 1,12
[    7.131838] serio: i8042 KBD port at 0x60,0x64 irq 1
[    7.147913] serio: i8042 AUX port at 0x60,0x64 irq 12
[    7.161700] mousedev: PS/2 mouse device common for all mice
[    7.165798] input: AT Translated Set 2 keyboard as /devices/platform/i8042/serio0/input/input2
[    7.172797] rtc_cmos rtc_cmos: rtc core: registered rtc_cmos as rtc0
[    7.209066] rtc_cmos rtc_cmos: alarms up to one day, 114 bytes nvram
[    7.212314] i2c /dev entries driver
[    7.214462] device-mapper: uevent: version 1.0.3
[    7.228077] device-mapper: ioctl: 4.37.0-ioctl (2017-09-20) initialised: dm-devel@redhat.com
[    7.263779] ledtrig-cpu: registered to indicate activity on CPUs
[    7.269171] NET: Registered protocol family 10
[    7.293553] Segment Routing with IPv6
[    7.314218] NET: Registered protocol family 17
[    7.329424] Key type dns_resolver registered
[    7.344612] mce: Using 0 MCE banks
[    7.354333] RAS: Correctable Errors collector initialized.
[    7.367023] sched_clock: Marking stable (7366916610, 0)->(19698942279, -12332025669)
[    7.384823] registered taskstats version 1
[    7.392797] Loading compiled-in X.509 certificates
[    7.403272] Loaded X.509 cert 'Build time autogenerated kernel key: 6303a3b02fa1c7713b8a75ba7ba622fabd5dd271'
[    7.412444] Loaded X.509 cert 'Canonical Ltd. Live Patch Signing: 14df34d1a87cf37625abec039ef2bf521249b969'
[    7.433343] Loaded X.509 cert 'Canonical Ltd. Kernel Module Signing: 88f752e560a1e0737e31163a466ad7b70a850c19'
[    7.440567] blacklist: Loading compiled-in revocation X.509 certificates
[    7.445827] Loaded X.509 cert 'Canonical Ltd. Secure Boot Signing: 61482aa2830d0ab2ad5af10b7250da9033ddcef0'
[    7.457426] zswap: loaded using pool lzo/zbud
[    7.508607] Key type big_key registered
[    7.522318] Key type trusted registered
[    7.535107] Key type encrypted registered
[    7.540151] AppArmor: AppArmor sha1 policy hashing enabled
[    7.561976] ima: No TPM chip found, activating TPM-bypass! (rc=-19)
[    7.578736] ima: Allocated hash algorithm: sha1
[    7.602605] evm: HMAC attrs: 0x1
[    7.609029]   Magic number: 7:737:887
[    7.622355] rtc_cmos rtc_cmos: setting system clock to 2023-01-14 13:52:41 UTC (1673704361)
[    7.629931] BIOS EDD facility v0.16 2004-Jun-25, 0 devices found
[    7.633476] EDD information not available.
[    7.664135] Freeing unused kernel image memory: 2472K
[    7.696646] Write protecting the kernel read-only data: 20480k
[    7.708755] Freeing unused kernel image memory: 2008K
[    7.727011] Freeing unused kernel image memory: 1824K
[    7.807431] x86/mm: Checked W+X mappings: passed, no W+X pages found.
[    7.819682] x86/mm: Checking user space page tables
[    7.888655] x86/mm: Checked W+X mappings: passed, no W+X pages found.
Loading, please wait...
starting version 237
[    8.179296] Fusion MPT base driver 3.04.20
[    8.202639] Copyright (c) 1999-2008 LSI Corporation
[    8.228583] e1000: Intel(R) PRO/1000 Network Driver - version 7.3.21-k8-NAPI
[    8.237898] e1000: Copyright (c) 1999-2006 Intel Corporation.
[    8.332580] Fusion MPT SPI Host driver 3.04.20
[    8.381388] AVX2 version of gcm_enc/dec engaged.
[    8.396088] AES CTR mode by8 optimization enabled
[    8.530574] input: ImExPS/2 Generic Explorer Mouse as /devices/platform/i8042/serio1/input/input4
[    9.316731] e1000 0000:00:03.0 eth0: (PCI:33MHz:32-bit) 02:d4:40:b8:a4:a0
[   10.410283] e1000 0000:00:03.0 eth0: Intel(R) PRO/1000 Network Connection
[   10.437915] mptbase: ioc0: Initiating bringup
[   11.488545] ioc0: LSI53C1030 A0: Capabilities={Initiator}
[   12.506598] scsi host2: ioc0: LSI53C1030 A0, FwRev=00000000h, Ports=1, MaxQ=256, IRQ=20
[   13.944077] scsi 2:0:0:0: Direct-Access     VBOX     HARDDISK         1.0  PQ: 0 ANSI: 5
[   14.042325] scsi target2:0:0: Beginning Domain Validation
[   14.059009] scsi target2:0:0: Domain Validation skipping write tests
[   14.066038] scsi target2:0:0: Ending Domain Validation
[   14.070646] scsi target2:0:0: asynchronous
[   14.082450] scsi 2:0:1:0: Direct-Access     VBOX     HARDDISK         1.0  PQ: 0 ANSI: 5
[   14.452958] scsi target2:0:1: Beginning Domain Validation
[   14.464041] scsi target2:0:1: Domain Validation skipping write tests
[   14.467780] scsi target2:0:1: Ending Domain Validation
[   14.471079] scsi target2:0:1: asynchronous
[   14.489910] sd 2:0:0:0: Attached scsi generic sg0 type 0
[   14.511487] sd 2:0:0:0: [sda] 83886080 512-byte logical blocks: (42.9 GB/40.0 GiB)
[   14.567147] sd 2:0:1:0: Attached scsi generic sg1 type 0
[   14.597905] sd 2:0:1:0: [sdb] 20480 512-byte logical blocks: (10.5 MB/10.0 MiB)
[   14.607049] sd 2:0:0:0: [sda] Write Protect is off
[   14.613358] sd 2:0:1:0: [sdb] Write Protect is off
[   14.653095] sd 2:0:0:0: [sda] Incomplete mode parameter data
[   14.657439] sd 2:0:1:0: [sdb] Incomplete mode parameter data
[   14.664867] sd 2:0:0:0: [sda] Assuming drive cache: write through
[   14.703931] sd 2:0:1:0: [sdb] Assuming drive cache: write through
[   14.731192]  sda: sda1
[   14.732202] sd 2:0:1:0: [sdb] Attached SCSI disk
[   14.772748] sd 2:0:0:0: [sda] Attached SCSI disk
[   14.786635] e1000 0000:00:08.0 eth1: (PCI:33MHz:32-bit) 08:00:27:b3:99:f7
[   14.793820] e1000 0000:00:08.0 eth1: Intel(R) PRO/1000 Network Connection
[   14.820702] e1000 0000:00:03.0 enp0s3: renamed from eth0
[   14.857835] e1000 0000:00:08.0 enp0s8: renamed from eth1
Begin: Loading essential drivers ... [   18.249436] raid6: sse2x1   gen()   353 MB/s
[   18.317178] raid6: sse2x1   xor()   527 MB/s
[   18.390753] raid6: sse2x2   gen()   271 MB/s
[   18.463312] raid6: sse2x2   xor()  1001 MB/s
[   18.512940] raid6: sse2x4   gen()  2040 MB/s
[   18.642923] raid6: sse2x4   xor()   953 MB/s
[   18.692828] raid6: avx2x1   gen()   880 MB/s
[   18.749310] raid6: avx2x1   xor()   390 MB/s
[   18.812218] raid6: avx2x2   gen()  2758 MB/s
[   18.872071] raid6: avx2x2   xor()  2228 MB/s
[   18.924124] raid6: avx2x4   gen()  5260 MB/s
[   19.008685] raid6: avx2x4   xor()  2358 MB/s
[   19.027697] raid6: using algorithm avx2x4 gen() 5260 MB/s
[   19.044303] raid6: .... xor() 2358 MB/s, rmw enabled
[   19.093441] raid6: using avx2x2 recovery algorithm
[   19.105207] xor: automatically using best checksumming function   avx       
[   19.127364] async_tx: api initialized (async)
done.
Begin: Running /scripts/init-premount ... done.
Begin: Mounting root file system ... Begin: Running /scripts/local-top ... done.
Begin: Running /scripts/local-premount ... [   19.522144] Btrfs loaded, crc32c=crc32c-intel
Scanning for Btrfs filesystems
done.
Warning: fsck not present, so skipping root file[   19.664683] EXT4-fs (sda1): INFO: recovery required on readonly filesystem
 system
[   19.720443] EXT4-fs (sda1): write access will be enabled during recovery
[   20.377726] EXT4-fs (sda1): recovery complete
[   20.409746] EXT4-fs (sda1): mounted filesystem with ordered data mode. Opts: (null)
done.
Begin: Running /scripts/local-bottom ... done.
Begin: Running /scripts/init-bottom ... done.
[   21.148107] ip_tables: (C) 2000-2006 Netfilter Core Team
[   21.479095] systemd[1]: systemd 237 running in system mode. (+PAM +AUDIT +SELINUX +IMA +APPARMOR +SMACK +SYSVINIT +UTMP +LIBCRYPTSETUP +GCRYPT +GNUTLS +ACL +XZ +LZ4 +SECCOMP +BLKID +ELFUTILS +KMOD -IDN2 +IDN -PCRE2 default-hierarchy=hybrid)
[   24.450903] systemd[1]: Detected virtualization oracle.
[   24.478798] systemd[1]: Detected architecture x86-64.

Welcome to [1mUbuntu 18.04.6 LTS[0m!

[   24.585690] systemd[1]: Set hostname to <ubuntu-bionic>.
[   25.427712] systemd[1]: Created slice System Slice.
[[0;32m  OK  [0m] Created slice System Slice.
[   25.520886] systemd[1]: Listening on fsck to fsckd communication Socket.
[[0;32m  OK  [0m] Listening on fsck to fsckd communication Socket.
[   26.469041] systemd[1]: Listening on LVM2 metadata daemon socket.
[[0;32m  OK  [0m] Listening on LVM2 metadata daemon socket.
[   26.494515] systemd[1]: Listening on Syslog Socket.
[[0;32m  OK  [0m] Listening on Syslog Socket.
[   26.975096] systemd[1]: Listening on Journal Socket.
[[0;32m  OK  [0m] Listening on Journal Socket.
[   27.980880] systemd[1]: Starting Uncomplicated firewall...
         Starting Uncomplicated firewall...
[   28.608839] systemd[1]: Listening on udev Control Socket.
[[0;32m  OK  [0m] Listening on udev Control Socket.
[   28.671624] systemd[1]: Listening on Network Service Netlink Socket.
[[0;32m  OK  [0m] Listening on Network Service Netlink Socket.
[   29.378994] systemd[1]: Reached target User and Group Name Lookups.
[[0;32m  OK  [0m] Reached target User and Group Name Lookups.
[   29.413928] systemd[1]: Starting Set the console keyboard layout...
         Starting Set the console keyboard layout...
[   29.454531] systemd[1]: Listening on Journal Audit Socket.
[[0;32m  OK  [0m] Listening on Journal Audit Socket.
[   29.473374] systemd[1]: Starting Load Kernel Modules...
         Starting Load Kernel Modules...
[   29.598381] Loading iSCSI transport class v2.0-870.
[   29.633449] systemd[1]: Created slice system-serial\x2dgetty.slice.
[[0;32m  OK  [0m] Created slice system-serial\x2dgetty.slice.
[[0;32m  OK  [0m] Listening on[   29.706076] iscsi: registered transport (tcp)
 Journal Socket (/dev/log).
         Starting Journal Service...
         Mounting POSIX Message Queue File System...
[[0;32m  OK  [0m] Reached target System Time Synchronized.
[[0;32m  OK  [0m] Listening on udev Kernel Socket.
         Starting udev Coldplug all Devices...
[[0;32m  OK  [0m] Listening on /dev/initctl Compatibility Named Pipe.
[[0;32m  OK  [0m] Listening on Device-mapper event daemon FIFOs.
         Starting Monitoring of LVM2 mirrors…ng dmeventd or progress polling...
[[0;32m  OK  [0m] Set up automount Arbitrary Executab…rmats File System Automount Point.
         Starting Create list of required st…ce nodes for the current kernel..[   30.194125] iscsi: registered transport (iser)
.
[[0;32m  OK  [0m] Listening on LVM2 poll daemon socket.
         Mounting Huge Pages File System...
[[0;32m  OK  [0m] Reached target Swap.
[[0;32m  OK  [0m] Created slice User and Session Slice.
[[0;32m  OK  [0m] Reached target Slices.
         Starting File System Check on Root Device...
         Mounting Kernel Debug File System...
[[0;32m  OK  [0m] Started Forward Password Requests to Wall Directory Watch.
[[0;32m  OK  [0m] Started Journal Service.
[[0;32m  OK  [0m] Started Uncomplicated firewall.
[[0;32m  OK  [0m] Started Set the console keyboard layout.
[[0;32m  OK  [0m] Started Load Kernel Modules.
[[0;32m  OK  [0m] Mounted POSIX Message Queue File System.
[[0;32m  OK  [0m] Started Create list of required sta…vice nodes for the current kernel.
[[0;32m  OK  [0m] Mounted Huge Pages File System.
[[0;32m  OK  [0m] Started File System Check on Root Device.
[[0;32m  OK  [0m] Mounted Kernel Debug File System.
[[0;32m  OK  [0m] Started LVM2 metadata daemon.
[[0;32m  OK  [0m] Started File System Check Daemon to report status.
         Starting Remount Root and Kernel File Systems...
         Starting Create Static Device Nodes in /dev...
         Starting Apply Kernel Variables...
[   31.117991] EXT4-fs (sda1): re-mounted. Opts: (null)
         Mounting Kernel Configuration File System...
         Mounting FUSE Control File System...
[[0;32m  OK  [0m] Started Monitoring of LVM2 mirrors,…sing dmeventd or progress polling.
[[0;32m  OK  [0m] Started udev Coldplug all Devices.
[[0;32m  OK  [0m] Started Remount Root and Kernel File Systems.
[[0;32m  OK  [0m] Started Create Static Device Nodes in /dev.
[[0;32m  OK  [0m] Started Apply Kernel Variables.
[[0;32m  OK  [0m] Mounted Kernel Configuration File System.
[[0;32m  OK  [0m] Mounted FUSE Control File System.
         Starting Load/Save Random Seed...
         Starting Flush Journal to Persistent Storage...
         Starting udev Kernel Device Manager...
[[0;32m  OK  [0m] Reached target Local File Systems (Pre).
[[0;32m  OK  [0m] Reached target Local File Systems.
         Starting Tell Plymouth To Write Out Runtime Data...
         Starting ebtables ruleset management...
         Starting AppArmor initialization...
         Starting Set console font and keymap...
[[0;32m  OK  [0m] Started udev Kernel Device Manager.
[[0;32m  OK  [0m] Started Load/Save Random Seed.
[[0;32m  OK  [0m] Started Dispatch Password Requests to Console Directory Watch.
[[0;32m  OK  [0m] Reached target Local Encrypted Volumes.
[[0;32m  OK  [0m] Started Tell Plymouth To Write Out Runtime Data.
[[0;32m  OK  [0m] Started Set console font and keymap.
[[0;32m  OK  [0m] Started Flush Journal to Persistent Storage.
[[0;32m  OK  [0m] Started ebtables ruleset management.
         Starting Create Volatile Files and Directories...
[[0;32m  OK  [0m] Started Create Volatile Files and Directories.
         Starting Update UTMP about System Boot/Shutdown...
[[0;32m  OK  [0m] Started Update UTMP about System Boot/Shutdown.
[[0;32m  OK  [0m] Started AppArmor initialization.
[[0;32m  OK  [0m] Found device /dev/ttyS0.
         Starting Initial cloud-init job (pre-networking)...
         Starting Load AppArmor profiles managed internally by snapd...
[[0;32m  OK  [0m] Listening on Load/Save RF Kill Switch Status /dev/rfkill Watch.
         Mounting Arbitrary Executable File Formats File System...
[[0;32m  OK  [0m] Mounted Arbitrary Executable File Formats File System.
[[0;32m  OK  [0m] Started Load AppArmor profiles managed internally by snapd.
[   43.055499] cloud-init[536]: Cloud-init v. 22.3.4-0ubuntu1~18.04.1 running 'init-local' at Sat, 14 Jan 2023 13:53:15 +0000. Up 41.78 seconds.
[[0;32m  OK  [0m] Started Initial cloud-init job (pre-networking).
[[0;32m  OK  [0m] Reached target Network (Pre).
         Starting Network Service...
[[0;32m  OK  [0m] Started Network Service.
         Starting Network Name Resolution...
         Starting Wait for Network to be Configured...
[[0;32m  OK  [0m] Started Network Name Resolution.
[[0;32m  OK  [0m] Reached target Host and Network Name Lookups.
[[0;32m  OK  [0m] Reached target Network.
[[0;32m  OK  [0m] Started Wait for Network to be Configured.
         Starting Initial cloud-init job (metadata service crawler)...
[   49.944942] cloud-init[668]: Cloud-init v. 22.3.4-0ubuntu1~18.04.1 running 'init' at Sat, 14 Jan 2023 13:53:23 +0000. Up 49.15 seconds.
[   49.952979] cloud-init[668]: ci-info: ++++++++++++++++++++++++++++++++++++++Net device info+++++++++++++++++++++++++++++++++++++++
[   49.991778] cloud-init[668]: ci-info: +--------+------+-----------------------------+---------------+--------+-------------------+
[   50.088318] cloud-init[668]: ci-info: | Device |  Up  |           Address           |      Mask     | Scope  |     Hw-Address    |
[   50.161671] cloud-init[668]: ci-info: +--------+------+-----------------------------+---------------+--------+-------------------+
[   50.270497] cloud-init[668]: ci-info: | enp0s3 | True |          10.0.2.15          | 255.255.255.0 | global | 02:d4:40:b8:a4:a0 |
[   50.358383] cloud-init[668]: ci-info: | enp0s3 | True |  fe80::d4:40ff:feb8:a4a0/64 |       .       |  link  | 02:d4:40:b8:a4:a0 |
[   50.510199] cloud-init[668]: ci-info: | enp0s8 | True |        192.168.33.11        | 255.255.255.0 | global | 08:00:27:b3:99:f7 |
[   50.596719] [cloud-init[0;32m  OK  [0m[668]: ] ci-info: | enp0s8 | True | fe80::a00:27ff:feb3:99f7/64 |       .       |  link  | 08:00:27:b3:99:f7 |Started Initial cloud-init job (metadata service crawler).

[[0;32m  OK  [0m] Reached target Network is Online.
[   50.725169] [cloud-init[0;32m  OK  [0m[668]: ] ci-info: |   lo   | True |          127.0.0.1          |   255.0.0.0   |  host  |         .         |Reached target Remote File Systems (Pre).

         Mounting /vagrant...
[   50.869166]          Starting Availability of block devices...
[[0;32m  OK  [0m] Reached target System Initialization.
cloud-init[668]: ci-info: |   lo   | True |           ::1/128           |       .       |  host  |         .         |
         Starting Docker Socket for the API.
[   50.955396] cloud-init[668]: ci-info: +--------+------+-----------------------------+---------------+--------+-------------------+
[[   51.092331] cloud-init[668]: ci-info: +++++++++++++++++++++++++++++Route IPv4 info+++++++++++++++++++++++++++++
[   51.092752] cloud-init[668]: ci-info: +-------+--------------+----------+-----------------+-----------+-------+
[0;32m  OK  [0m] Started ACPI Events Check.
[   51.093285] cloud-init[668]: ci-info: | Route | Destination  | Gateway  |     Genmask     | Interface | Flags |
[   51.238347] cloud-init[668]: ci-info: +-------+--------------+----------+-----------------+-----------+-------+
         Starting LXD - unix socket.
[   51.245201] cloud-init[668]: ci-info: |   0   |   0.0.0.0    | 10.0.2.2 |     0.0.0.0     |   enp0s3  |   UG  |
[   51.359142] cloud-init[668]: ci-info: |   1   |   10.0.2.0   | 0.0.0.0  |  255.255.255.0  |   enp0s3  |   U   |
[[0;32m  OK  [0m] Started Message of the Day.
[   51.360616] [cloud-init[0;32m  OK  [0m[668]: ] ci-info: |   2   |   10.0.2.2   | 0.0.0.0  | 255.255.255.255 |   enp0s3  |   UH  |Listening on ACPID Listen Socket.

[[0;32m  OK  [0m] Started Ubuntu Advantage Timer for running repeated jobs.
[   51.527333] [cloud-init[0;32m  OK  [0m[668]: ] ci-info: |   3   | 192.168.33.0 | 0.0.0.0  |  255.255.255.0  |   enp0s8  |   U   |Started Discard unused blocks once a week.

[   51.658748] [[0;32m  OK  [0m] Started Daily Cleanup of Temporary Directories.
cloud-init[668]: ci-info: +-------+--------------+----------+-----------------+-----------+-------+
         Starting Socket activation for snappy daemon.
[[0;32m  OK  [0m] Listening on UUID daemon activation socket.
[   51.665703] [cloud-init[0;32m  OK  [0m[668]: ] ci-info: +++++++++++++++++++Route IPv6 info+++++++++++++++++++Reached target Paths.

[[0;32m  OK  [0m] Listening on D-Bus System Message Bus Socket.
[   51.977642] [cloud-init[0;32m  OK  [0m[668]: ] ci-info: +-------+-------------+---------+-----------+-------+Started Daily apt download activities.

[[0;32m  OK  [0m] Started Daily apt upgrade and clean activities.
[[0;32m  OK  [0m] Reached target Timers.
[   52.113560] cloud-init[668]: ci-info: | Route | Destination | Gateway | Interface | Flags |
[[0;32m  OK  [0m] Listening on Open-iSCSI iscsid Socket.
[[0;32m  OK  [0m] Listening on cloud-init hotplug hook socket.
[[0;32m  OK  [0m] Reached target Cloud-config availability.
[   52.158875] [[0;32m  OK  [0m] Mounted /vagrant.
cloud-init[[0;32m  OK  [0m] Started Availability of block devices.
[[0;32m  OK  [0m] Listening on Docker Socket for the API.
[668]: ci-info: +-------+-------------+---------+-----------++------+
[[0;32m  OK  [0m] Listening on LXD - unix socket.
[   52.399695] [[0;32m  OK  [0m] Listening on Socket activation for snappy daemon.
cloud-init[668]: ci-info: |   1   |  fe80::/64  |    ::   |   enp0s8  |   U   |
[[0;32m  OK  [0m] Reached target Sockets.
[[0;32m  OK  [0m] Reached target Basic System.
[   52.494295] cloud-init[668]: ci-info: |   2   |  fe80::/64  |    ::   |   enp0s3  |   U   |
[   52.508279] cloud-init[668]: ci-info: |   4   |    local    |    ::   |   enp0s3  |   U   |
         Starting Accounts Service...
[[0;32m  OK  [0m] Reached target Login Prompts (Pre).
[   52.535853]          Starting LSB: Record successful boot for GRUB...
cloud-init[668]: ci-info: |   5   |    local    |    ::   |   enp0s8  |   U   |         Starting Login Service...
         Starting containerd container runtime...
[[0;32m  OK  [0m] Started Deferred execution scheduler.
[[0;32m  OK  [0m] Started Regular background program processing daemon.
         Starting LXD - container startup/shutdown...
[[0;32m  OK  [0m] Started D-Bus System Message Bus.

[   52.989505] cloud-init[668]: ci-info: |   6   |   ff00::/8  |    ::   |   enp0s8  |   U   |
[   53.008162] cloud-init[668]: ci-info: |   7   |   ff00::/8  |    ::   |   enp0s3  |   U   |
         Starting System Logging Service...
[   53.085262] cloud-init[668]: ci-info: +-------+-------------+---------+-----------+-------+
         Starting Dispatcher daemon for systemd-networkd...
[[0;32m  OK  [0m] Started irqbalance daemon.
         Starting Snap Daemon...
         Starting OpenBSD Secure Shell server...
[[0;32m  OK  [0m] Started FUSE filesystem for LXC.
         Starting Virtualbox guest utils...
[[0;32m  OK  [0m] Reached target Remote File Systems.
         Starting LSB: automatic crash report generation...
         Starting Permit User Sessions...
[[0;32m  OK  [0m] Started System Logging Service.
[[0;32m  OK  [0m] Started LXD - container startup/shutdown.
[[0;32m  OK  [0m] Started Login Service.
[[0;32m  OK  [0m] Started OpenBSD Secure Shell server.
[[0;32m  OK  [0m] Started Permit User Sessions.
[[0;32m  OK  [0m] Started LSB: automatic crash report generation.
         Starting Authorization Manager...
         Starting Hold until boot process finishes up...
         Starting Terminate Plymouth Boot Screen...
[[0;32m  OK  [0m] Started Unattended Upgrades Shutdown.
[[0;32m  OK  [0m] Started LSB: Record successful boot for GRUB.
[[0;32m  OK  [0m] Started Hold until boot process finishes up.
[[0;32m  OK  [0m] Started Terminate Plymouth Boot Screen.
         Starting Set console scheme...
[[0;32m  OK  [0m] Started Serial Getty on ttyS0.
[[0;32m  OK  [0m] Started Authorization Manager.
[[0;32m  OK  [0m] Started Accounts Service.
[[0;32m  OK  [0m] Started Set console scheme.
[[0;32m  OK  [0m] Created slice system-getty.slice.
[[0;32m  OK  [0m] Started Getty on tty1.
[[0;32m  OK  [0m] Reached target Login Prompts.
[[0;32m  OK  [0m] Started Virtualbox guest utils.
[[0;32m  OK  [0m] Created slice User Slice of vagrant.
         Starting User Manager for UID 1000...
[[0;32m  OK  [0m] Started Session 1 of user vagrant.
[[0;32m  OK  [0m] Started Dispatcher daemon for systemd-networkd.
[[0;32m  OK  [0m] Started User Manager for UID 1000.
[[0;32m  OK  [0m] Started containerd container runtime.
         Starting Docker Application Container Engine...
[[0;32m  OK  [0m] Started Snap Daemon.
         Starting Time & Date Service...
         Starting Wait until snapd is fully seeded...
[[0;32m  OK  [0m] Started Time & Date Service.
[[0;32m  OK  [0m] Started Wait until snapd is fully seeded.
         Starting Apply the settings specified in cloud-config...

Ubuntu 18.04.6 LTS ubuntu-bionic ttyS0

ubuntu-bionic login: [   60.734468] cloud-init[1195]: Cloud-init v. 22.3.4-0ubuntu1~18.04.1 running 'modules:config' at Sat, 14 Jan 2023 13:53:33 +0000. Up 60.04 seconds.
[   63.484836] cloud-init[1473]: Cloud-init v. 22.3.4-0ubuntu1~18.04.1 running 'modules:final' at Sat, 14 Jan 2023 13:53:36 +0000. Up 62.90 seconds.
[   63.486113] cloud-init[1473]: Cloud-init v. 22.3.4-0ubuntu1~18.04.1 finished at Sat, 14 Jan 2023 13:53:37 +0000. Datasource DataSourceNoCloud [seed=/dev/sdb][dsmode=net].  Up 63.45 seconds
