[    0.000000] Linux version 4.15.0-194-generic (buildd@lcy02-amd64-052) (gcc version 7.5.0 (Ubuntu 7.5.0-3ubuntu1~18.04)) #205-Ubuntu SMP Fri Sep 16 19:49:27 UTC 2022 (Ubuntu 4.15.0-194.205-generic 4.15.18)
[    0.000000] Command line: BOOT_IMAGE=/boot/vmlinuz-4.15.0-194-generic root=LABEL=cloudimg-rootfs ro console=tty1 console=ttyS0
[    0.000000] KERNEL supported cpus:
[    0.000000]   Intel GenuineIntel
[    0.000000]   AMD AuthenticAMD
[    0.000000]   Centaur CentaurHauls
[    0.000000] x86/fpu: Supporting XSAVE feature 0x001: 'x87 floating point registers'
[    0.000000] x86/fpu: Supporting XSAVE feature 0x002: 'SSE registers'
[    0.000000] x86/fpu: Supporting XSAVE feature 0x004: 'AVX registers'
[    0.000000] x86/fpu: xstate_offset[2]:  576, xstate_sizes[2]:  256
[    0.000000] x86/fpu: Enabled xstate features 0x7, context size is 832 bytes, using 'standard' format.
[    0.000000] e820: BIOS-provided physical RAM map:
[    0.000000] BIOS-e820: [mem 0x0000000000000000-0x000000000009fbff] usable
[    0.000000] BIOS-e820: [mem 0x000000000009fc00-0x000000000009ffff] reserved
[    0.000000] BIOS-e820: [mem 0x00000000000f0000-0x00000000000fffff] reserved
[    0.000000] BIOS-e820: [mem 0x0000000000100000-0x000000003ffeffff] usable
[    0.000000] BIOS-e820: [mem 0x000000003fff0000-0x000000003fffffff] ACPI data
[    0.000000] BIOS-e820: [mem 0x00000000fec00000-0x00000000fec00fff] reserved
[    0.000000] BIOS-e820: [mem 0x00000000fee00000-0x00000000fee00fff] reserved
[    0.000000] BIOS-e820: [mem 0x00000000fffc0000-0x00000000ffffffff] reserved
[    0.000000] NX (Execute Disable) protection: active
[    0.000000] SMBIOS 2.5 present.
[    0.000000] DMI: innotek GmbH VirtualBox/VirtualBox, BIOS VirtualBox 12/01/2006
[    0.000000] Hypervisor detected: KVM
[    0.000000] e820: last_pfn = 0x3fff0 max_arch_pfn = 0x400000000
[    0.000000] MTRR: Disabled
[    0.000000] x86/PAT: MTRRs disabled, skipping PAT initialization too.
[    0.000000] CPU MTRRs all blank - virtualized system.
[    0.000000] x86/PAT: Configuration [0-7]: WB  WT  UC- UC  WB  WT  UC- UC  
[    0.000000] found SMP MP-table at [mem 0x0009fff0-0x0009ffff]
[    0.000000] Scanning 1 areas for low memory corruption
[    0.000000] RAMDISK: [mem 0x359cb000-0x36cdcfff]
[    0.000000] ACPI: Early table checksum verification disabled
[    0.000000] ACPI: RSDP 0x00000000000E0000 000024 (v02 VBOX  )
[    0.000000] ACPI: XSDT 0x000000003FFF0030 00003C (v01 VBOX   VBOXXSDT 00000001 ASL  00000061)
[    0.000000] ACPI: FACP 0x000000003FFF00F0 0000F4 (v04 VBOX   VBOXFACP 00000001 ASL  00000061)
[    0.000000] ACPI: DSDT 0x000000003FFF0470 0021FF (v02 VBOX   VBOXBIOS 00000002 INTL 20100528)
[    0.000000] ACPI: FACS 0x000000003FFF0200 000040
[    0.000000] ACPI: FACS 0x000000003FFF0200 000040
[    0.000000] ACPI: APIC 0x000000003FFF0240 00005C (v02 VBOX   VBOXAPIC 00000001 ASL  00000061)
[    0.000000] ACPI: SSDT 0x000000003FFF02A0 0001CC (v01 VBOX   VBOXCPUT 00000002 INTL 20100528)
[    0.000000] ACPI: Reserving FACP table memory at [mem 0x3fff00f0-0x3fff01e3]
[    0.000000] ACPI: Reserving DSDT table memory at [mem 0x3fff0470-0x3fff266e]
[    0.000000] ACPI: Reserving FACS table memory at [mem 0x3fff0200-0x3fff023f]
[    0.000000] ACPI: Reserving FACS table memory at [mem 0x3fff0200-0x3fff023f]
[    0.000000] ACPI: Reserving APIC table memory at [mem 0x3fff0240-0x3fff029b]
[    0.000000] ACPI: Reserving SSDT table memory at [mem 0x3fff02a0-0x3fff046b]
[    0.000000] No NUMA configuration found
[    0.000000] Faking a node at [mem 0x0000000000000000-0x000000003ffeffff]
[    0.000000] NODE_DATA(0) allocated [mem 0x3ffc5000-0x3ffeffff]
[    0.000000] kvm-clock: cpu 0, msr 0:3ff44001, primary cpu clock
[    0.000000] kvm-clock: Using msrs 4b564d01 and 4b564d00
[    0.000000] kvm-clock: using sched offset of 7501292406 cycles
[    0.000000] clocksource: kvm-clock: mask: 0xffffffffffffffff max_cycles: 0x1cd42e4dffb, max_idle_ns: 881590591483 ns
[    0.000000] Zone ranges:
[    0.000000]   DMA      [mem 0x0000000000001000-0x0000000000ffffff]
[    0.000000]   DMA32    [mem 0x0000000001000000-0x000000003ffeffff]
[    0.000000]   Normal   empty
[    0.000000]   Device   empty
[    0.000000] Movable zone start for each node
[    0.000000] Early memory node ranges
[    0.000000]   node   0: [mem 0x0000000000001000-0x000000000009efff]
[    0.000000]   node   0: [mem 0x0000000000100000-0x000000003ffeffff]
[    0.000000] Reserved but unavailable: 104 pages
[    0.000000] Initmem setup node 0 [mem 0x0000000000001000-0x000000003ffeffff]
[    0.000000] ACPI: PM-Timer IO Port: 0x4008
[    0.000000] IOAPIC[0]: apic_id 2, version 32, address 0xfec00000, GSI 0-23
[    0.000000] ACPI: INT_SRC_OVR (bus 0 bus_irq 0 global_irq 2 dfl dfl)
[    0.000000] ACPI: INT_SRC_OVR (bus 0 bus_irq 9 global_irq 9 low level)
[    0.000000] Using ACPI (MADT) for SMP configuration information
[    0.000000] smpboot: Allowing 2 CPUs, 0 hotplug CPUs
[    0.000000] PM: Registered nosave memory: [mem 0x00000000-0x00000fff]
[    0.000000] PM: Registered nosave memory: [mem 0x0009f000-0x0009ffff]
[    0.000000] PM: Registered nosave memory: [mem 0x000a0000-0x000effff]
[    0.000000] PM: Registered nosave memory: [mem 0x000f0000-0x000fffff]
[    0.000000] e820: [mem 0x40000000-0xfebfffff] available for PCI devices
[    0.000000] Booting paravirtualized kernel on KVM
[    0.000000] clocksource: refined-jiffies: mask: 0xffffffff max_cycles: 0xffffffff, max_idle_ns: 7645519600211568 ns
[    0.000000] setup_percpu: NR_CPUS:8192 nr_cpumask_bits:2 nr_cpu_ids:2 nr_node_ids:1
[    0.000000] percpu: Embedded 50 pages/cpu s167936 r8192 d28672 u1048576
[    0.000000] PV qspinlock hash table entries: 256 (order: 0, 4096 bytes)
[    0.000000] Built 1 zonelists, mobility grouping on.  Total pages: 257913
[    0.000000] Policy zone: DMA32
[    0.000000] Kernel command line: BOOT_IMAGE=/boot/vmlinuz-4.15.0-194-generic root=LABEL=cloudimg-rootfs ro console=tty1 console=ttyS0
[    0.000000] Memory: 982652K/1048120K available (12300K kernel code, 2477K rwdata, 4320K rodata, 2472K init, 2720K bss, 65468K reserved, 0K cma-reserved)
[    0.000000] SLUB: HWalign=64, Order=0-3, MinObjects=0, CPUs=2, Nodes=1
[    0.000000] Kernel/User page tables isolation: enabled
[    0.000000] ftrace: allocating 39477 entries in 155 pages
[    0.004000] Hierarchical RCU implementation.
[    0.004000] 	RCU restricting CPUs from NR_CPUS=8192 to nr_cpu_ids=2.
[    0.004000] 	Tasks RCU enabled.
[    0.004000] RCU: Adjusting geometry for rcu_fanout_leaf=16, nr_cpu_ids=2
[    0.004000] NR_IRQS: 524544, nr_irqs: 440, preallocated irqs: 16
[    0.004000] random: crng init done
[    0.004000] Console: colour VGA+ 80x25
[    0.004000] console [tty1] enabled
[    0.004000] console [ttyS0] enabled
[    0.004000] ACPI: Core revision 20170831
[    0.004000] ACPI: 2 ACPI AML tables successfully acquired and loaded
[    0.004000] APIC: Switch to symmetric I/O mode setup
[    0.004000] x2apic enabled
[    0.004014] Switched APIC routing to physical x2apic.
[    0.012000] ..TIMER: vector=0x30 apic1=0 pin1=2 apic2=-1 pin2=-1
[    0.012010] tsc: Detected 2194.920 MHz processor
[    0.016019] Calibrating delay loop (skipped) preset value.. 4389.84 BogoMIPS (lpj=8779680)
[    0.020011] pid_max: default: 32768 minimum: 301
[    0.024139] Security Framework initialized
[    0.028013] Yama: becoming mindful.
[    0.032072] AppArmor: AppArmor initialized
[    0.044179] Dentry cache hash table entries: 131072 (order: 8, 1048576 bytes)
[    0.048181] Inode-cache hash table entries: 65536 (order: 7, 524288 bytes)
[    0.052047] Mount-cache hash table entries: 2048 (order: 2, 16384 bytes)
[    0.057610] Mountpoint-cache hash table entries: 2048 (order: 2, 16384 bytes)
[    0.065352] Last level iTLB entries: 4KB 64, 2MB 8, 4MB 8
[    0.068012] Last level dTLB entries: 4KB 64, 2MB 0, 4MB 0, 1GB 4
[    0.072010] Spectre V1 : Mitigation: usercopy/swapgs barriers and __user pointer sanitization
[    0.076012] Spectre V2 : Mitigation: Retpolines
[    0.080009] Spectre V2 : Spectre v2 / SpectreRSB mitigation: Filling RSB on context switch
[    0.084009] Speculative Store Bypass: Vulnerable
[    0.088089] MDS: Vulnerable: Clear CPU buffers attempted, no microcode
[    0.092091] SRBDS: Unknown: Dependent on hypervisor status
[    0.096677] Freeing SMP alternatives memory: 36K
[    0.214585] smpboot: CPU0: Intel(R) Core(TM) i5-5200U CPU @ 2.20GHz (family: 0x6, model: 0x3d, stepping: 0x4)
[    0.216230] Performance Events: unsupported p6 CPU model 61 no PMU driver, software events only.
[    0.220133] Hierarchical SRCU implementation.
[    0.225315] NMI watchdog: Perf event create on CPU 0 failed with -2
[    0.228009] NMI watchdog: Perf NMI watchdog permanently disabled
[    0.232145] smp: Bringing up secondary CPUs ...
[    0.240028] x86: Booting SMP configuration:
[    0.244009] .... node  #0, CPUs:      #1
[    0.004000] kvm-clock: cpu 1, msr 0:3ff44041, secondary cpu clock
[    0.290129] smp: Brought up 1 node, 2 CPUs
[    0.292020] smpboot: Max logical packages: 1
[    0.296014] smpboot: Total of 2 processors activated (8779.68 BogoMIPS)
[    0.300312] devtmpfs: initialized
[    0.304202] x86/mm: Memory block size: 128MB
[    0.308788] evm: security.selinux
[    0.312013] evm: security.SMACK64
[    0.316012] evm: security.SMACK64EXEC
[    0.320009] evm: security.SMACK64TRANSMUTE
[    0.324010] evm: security.SMACK64MMAP
[    0.328009] evm: security.apparmor
[    0.332011] evm: security.ima
[    0.336010] evm: security.capability
[    0.340335] clocksource: jiffies: mask: 0xffffffff max_cycles: 0xffffffff, max_idle_ns: 7645041785100000 ns
[    0.344026] futex hash table entries: 512 (order: 3, 32768 bytes)
[    0.348119] pinctrl core: initialized pinctrl subsystem
[    0.356296] RTC time: 13:49:16, date: 01/18/23
[    0.360510] NET: Registered protocol family 16
[    0.364382] audit: initializing netlink subsys (disabled)
[    0.368083] audit: type=2000 audit(1674049749.378:1): state=initialized audit_enabled=0 res=1
[    0.408019] cpuidle: using governor ladder
[    0.412029] cpuidle: using governor menu
[    0.416204] ACPI: bus type PCI registered
[    0.420011] acpiphp: ACPI Hot Plug PCI Controller Driver version: 0.5
[    0.424308] PCI: Using configuration type 1 for base access
[    0.436159] HugeTLB registered 2.00 MiB page size, pre-allocated 0 pages
[    0.440258] ACPI: Added _OSI(Module Device)
[    0.444019] ACPI: Added _OSI(Processor Device)
[    0.448012] ACPI: Added _OSI(3.0 _SCP Extensions)
[    0.452012] ACPI: Added _OSI(Processor Aggregator Device)
[    0.456020] ACPI: Added _OSI(Linux-Dell-Video)
[    0.460014] ACPI: Added _OSI(Linux-Lenovo-NV-HDMI-Audio)
[    0.464016] ACPI: Added _OSI(Linux-HPI-Hybrid-Graphics)
[    0.468838] ACPI: Executed 1 blocks of module-level executable AML code
[    0.496526] ACPI: Interpreter enabled
[    0.500059] ACPI: (supports S0 S5)
[    0.504012] ACPI: Using IOAPIC for interrupt routing
[    0.512012] PCI: Using host bridge windows from ACPI; if necessary, use "pci=nocrs" and report a bug
[    0.520421] ACPI: Enabled 2 GPEs in block 00 to 07
[    0.562117] ACPI: PCI Root Bridge [PCI0] (domain 0000 [bus 00-ff])
[    0.564029] acpi PNP0A03:00: _OSC: OS supports [ASPM ClockPM Segments MSI]
[    0.568000] acpi PNP0A03:00: _OSC: not requesting OS control; OS requires [ExtendedConfig ASPM ClockPM MSI]
[    0.568054] acpi PNP0A03:00: fail to add MMCONFIG information, can't access extended PCI configuration space under this bridge.
[    0.577127] PCI host bridge to bus 0000:00
[    0.580016] pci_bus 0000:00: root bus resource [io  0x0000-0x0cf7 window]
[    0.584017] pci_bus 0000:00: root bus resource [io  0x0d00-0xffff window]
[    0.588017] pci_bus 0000:00: root bus resource [mem 0x000a0000-0x000bffff window]
[    0.592014] pci_bus 0000:00: root bus resource [mem 0x40000000-0xfdffffff window]
[    0.596018] pci_bus 0000:00: root bus resource [bus 00-ff]
[    0.606722] pci 0000:00:01.1: legacy IDE quirk: reg 0x10: [io  0x01f0-0x01f7]
[    0.608015] pci 0000:00:01.1: legacy IDE quirk: reg 0x14: [io  0x03f6]
[    0.612015] pci 0000:00:01.1: legacy IDE quirk: reg 0x18: [io  0x0170-0x0177]
[    0.616013] pci 0000:00:01.1: legacy IDE quirk: reg 0x1c: [io  0x0376]
[    0.666919] pci 0000:00:07.0: quirk: [io  0x4000-0x403f] claimed by PIIX4 ACPI
[    0.668079] pci 0000:00:07.0: quirk: [io  0x4100-0x410f] claimed by PIIX4 SMB
[    0.709782] ACPI: PCI Interrupt Link [LNKA] (IRQs 5 9 10 *11)
[    0.716734] ACPI: PCI Interrupt Link [LNKB] (IRQs 5 9 *10 11)
[    0.720545] ACPI: PCI Interrupt Link [LNKC] (IRQs 5 *9 10 11)
[    0.724481] ACPI: PCI Interrupt Link [LNKD] (IRQs 5 9 10 *11)
[    0.732309] SCSI subsystem initialized
[    0.736120] pci 0000:00:02.0: vgaarb: setting as boot VGA device
[    0.740000] pci 0000:00:02.0: vgaarb: VGA device added: decodes=io+mem,owns=io+mem,locks=none
[    0.740018] pci 0000:00:02.0: vgaarb: bridge control possible
[    0.744011] vgaarb: loaded
[    0.748104] ACPI: bus type USB registered
[    0.752089] usbcore: registered new interface driver usbfs
[    0.756049] usbcore: registered new interface driver hub
[    0.760043] usbcore: registered new device driver usb
[    0.764175] EDAC MC: Ver: 3.0.0
[    0.772651] PCI: Using ACPI for IRQ routing
[    0.776870] NetLabel: Initializing
[    0.780010] NetLabel:  domain hash size = 128
[    0.784007] NetLabel:  protocols = UNLABELED CIPSOv4 CALIPSO
[    0.788062] NetLabel:  unlabeled traffic allowed by default
[    0.792528] clocksource: Switched to clocksource kvm-clock
[  00425 VFS: Disk quotas dquot_6.6.0
[    2438] FS: Dquo-cache as table etries: 512 (order 0, 4096 bytes)
   17375] pprmr:ApArorFiesystem Enabled

[    2.383122] pnp P ACPI init
[   .5658]pn PP CP: oud deics
[   .439602] clocksource: acpi_pm: mask:0xfffff max_cycle: fffff mx_idle_ns: 2085701024 ns
[   3.985174] NET: Registered protocol family 2
[  404827] IP idents hashtae nties: 16384 (order: 5, 131072 bytes)
[    .5707 TCestablished hash tae eris:812 order: , 6536byes
[    5.540175] TCP bind hash table entries:81 (order: 5, 131072 byes
[   81445] TCP: Ha tables configuedestablished 8192 bind 8192)
[    6.28650] UDPhah able entries: 512 (order: 2, 16384 bytes)
[    6.504178] UDP-Lite hsh tbl etres 512 (order: 2, 163 bte)[   .1622]NE: egistered protocol family 1
[    7.523109] pci 0000:00:00.: Limitng direct PCI/PCI transfers
[    7.680854] pci 0000:00:01.0: Activating A MAhag orarounds
[   8.0681]pc 0000:00:02.0: Video device with shadowed ROM at [mem 0x000c0000-0x000dffff]
   83075] Unpackinintramfs...

[    9.842585] Freeing initrd memory: 19528K
[    9.875944] clocksource: tsc: mask: 0xffffffffffffffff max_cycles: 0x1fa373f688b, max_idle_ns: 440795233648 ns
[    9.901729] platform rtc_cmos: registered platform RTC device (no PNP device found)
[    9.908029] Scanning for low memory corruption every 60 seconds
[    9.929379] Initialise system trusted keyrings
[    9.959912] Key type blacklist registered
[    9.988407] workingset: timestamp_bits=36 max_order=18 bucket_order=0
[   10.046607] zbud: loaded
[   10.0830 squashfs: version 4.0 (2009/01/31) Philp ouher

[  10.465561] fuse init (API version 7.2)

[   10.668684] Key type asymmetric registered
[   10.673867] Asymmetric key parser 'x509' registered
[   10.678627] Block layer SCSI generic (bsg) driver version 0.4 loaded (major 246)
[   10.714843] io scheduler noop registered
[   10.776405] io scheduler deadline registered
[   10.819454] io scheduler cfq registered (default)
[   10.878299] ACPI: AC Adapter [AC] (on-line)
[   10.901350] input: Power Button as /devices/LNXSYSTM:00/LNXPWRBN:00/input/input0
[   10.938466] ACPI: Power Button [PWRF]
[   10.978123] input: Sleep Button as /devices/LNXSYSTM:00/LNXSLPBN:00/input/input1
[   11.011377] ACPI: Sleep Button [SLPF]
[   11.040829] Serial: 8250/16550 driver, 32 ports, IRQ sharing enabled
[   11.040857] ACPI: Battery Slot [BAT0] (battery present)
[   11.175812] 00:02: ttyS0 at I/O 0x3f8 (irq = 4, base_baud = 115200) is a 16550A
[   .225513] Linuxgpgart interface v0.103

[   11.60795] loop: module loaded

[   11.1780] ssi host0: ata_px

[   11.835143] scsi host1: ata_piix
[   1.839783] ata1:AT mx UDMA/33 md 0x1f0 ctl 0x3f bmdma0x00 irq 14
[   1245730] ata2: PATA max UDMA33 cmd 0x170 ctl 0x376 bmdma 0xd008 irq 15

[   12.623217]un: Universal TUN/TAP evie driver, 1.6
[   12.926162] PPP generic driver version 2.4.2
[   12.962200] ehci_hcd: USB 2.0 'Enhanced' Host Controller (EHCI) Driver
[   13.042741] ehci-pci: EHCI PCI platform driver
[   13.059750] ehci-platform: EHCI generic platform driver
[   13.091116] ohci_hcd: USB 1.1 'Open' Host Controller (OHCI) Driver
[   3.39963] ohci-pci: OHCI PCI platform driver
[   13.245462] ohci-platform: OHCI generic platform driver
[ 132947] uhci_hcd: USB Universl os Controller Interface ivr
[   13.934610] i8042: PNP: PS/2 Controller [NP0303:PS2K,PNP0f03:PS2M] at 0x60,0x irq 1,1
[   14.225290] serio:i842 KBD port at 0x60,0x6ir 1
[[   14.537706] serio: i8042 AUX port at 0x60,0x64 irq 12
[   14.571245] mousedev: PS/2 mouse device common for all mice
[   14.602977] input: AT Translated Set 2 keyboard as /devices/platform/i8042/serio0/input/input2
[   14.604931] rtc_cmos rtc_cmos: rtc core: registered rtc_cmos as rtc0
[   14.765022] rtc_cmos rtc_cmos: alarms up to one day, 114 bytes nvram
[   14.786558] i2c /dev entries driver
[   14.828860] device-mapper: uevent: version 1.0.3
[   14.840708] device-mapper: ioctl: 4.37.0-ioctl (2017-09-20) initialised: dm-devel@redhat.com
[   14.895024] ledtrig-cpu: registered to indicate activity on CPUs
[   14.958365] NET: Registered protocol family 10
[   14.982355] Segment Routing with IPv6
[   15.021003] NET: Registered protocol family 17
[   15.025378] Key type dns_resolver registered
[   15.054615] mce: Using 0 MCE banks
[   15.086030] RAS: Correctable Errors collector initialized.
[   15.117649] sched_clock: Marking stable (15117589270, 0)->(33037533764, -17919944494)
[   15.125979] registered taskstats version 1
[   15.150867] Loading compiled-in X.509 certificates
[   15.162520] Loaded X.509 cert 'Build time autogenerated kernel key: 6303a3b02fa1c7713b8a75ba7ba622fabd5dd271'
[   15.200367] Loaded X.509 cert 'Canonical Ltd. Live Patch Signing: 14df34d1a87cf37625abec039ef2bf521249b969'
[   15.248134] Loaded X.509 cert 'Canonical Ltd. Kernel Module Signing: 88f752e560a1e0737e31163a466ad7b70a850c19'
[   15.275465] blacklist: Loading compiled-in revocation X.509 certificates
[   15.290703] Loaded X.509 cert 'Canonical Ltd. Secure Boot Signing: 61482aa2830d0ab2ad5af10b7250da9033ddcef0'
[   15.312549] zswap: loaded using pool lzo/zbud
[   15.329756] Key type big_key registered
[   15.359745] Key type trusted registered
[   15.408387] Key type encrypted registered
[   15.453776] AppArmor: AppArmor sha1 policy hashing enabled
[   15.466620] ima: No TPM chip found, activating TPM-bypass! (rc=-19)
[   15.471020] ima: Allocated hash algorithm: sha1
[   15.475620] evm: HMAC attrs: 0x1
[   15.480548]   Magic number: 7:487:837
[   15.497101] rtc_cmos rtc_cmos: setting system clock to 2023-01-18 13:49:32 UTC (1674049772)
[   15.516820] BIOS EDD facility v0.16 2004-Jun-25, 0 devices found
[   15.542879] EDD information not available.
[   15.572813] Freeing unused kernel image memory: 2472K
[   15.600927] Write protecting the kernel read-only data: 20480k
[   15.630219] Freeing unused kernel image memory: 2008K
[   15.661303] Freeing unused kernel image memory: 1824K
[   15.781571] x86/mm: Checked W+X mappings: passed, no W+X pages found.
[   15.789077] x86/mm: Checking user space page tables
[   15.856949] x86/mm: Checked W+X mappings: passed, no W+X pages found.
Loading, please wait...
starting version 237
[   17.258211] Fusion MPT base driver 3.04.20
[   17.261283] Copyright (c) 1999-2008 LSI Corporation
[   17.274044] e1000: Intel(R) PRO/1000 Network Driver - version 7.3.21-k8-NAPI
[   17.302613] e1000: Copyright (c) 1999-2006 Intel Corporation.
[   17.375647] Fusion MPT SPI Host driver 3.04.20
[   17.438233] AVX2 version of gcm_enc/dec engaged.
[   17.454947] AES CTR mode by8 optimization enabled
[   17.466229] mptbase: ioc0: Initiating bringup
[   17.548730] input: ImExPS/2 Generic Explorer Mouse as /devices/platform/i8042/serio1/input/input4
[   17.602834] ioc0: LSI53C1030 A0: Capabilities={Initiator}
[   19.536184] scsi host2: ioc0: LSI53C1030 A0, FwRev=00000000h, Ports=1, MaxQ=256, IRQ=20
[   20.275963] scsi 2:0:0:0: Direct-Access     VBOX     HARDDISK         1.0  PQ: 0 ANSI: 5
[   20.372892] scsi target2:0:0: Beginning Domain Validation
[   20.421389] scsi target2:0:0: Domain Validation skipping write tests
[   20.463856] scsi target2:0:0: Ending Domain Validation
[   20.507724] scsi target2:0:0: asynchronous
[   20.529560] scsi 2:0:1:0: Direct-Access     VBOX     HARDDISK         1.0  PQ: 0 ANSI: 5
[   20.946588] scsi target2:0:1: Beginning Domain Validation
[   20.983811] scsi target2:0:1: Domain Validation skipping write tests
[   20.994172] e1000 0000:00:03.0 eth0: (PCI:33MHz:32-bit) 02:d4:40:b8:a4:a0
[   21.045714] scsi target2:0:1: Ending Domain Validation
[   21.057707] e1000 0000:00:03.0 eth0: Intel(R) PRO/1000 Network Connection
[   21.116457] scsi target2:0:1: asynchronous
[   21.146107] sd 2:0:0:0: Attached scsi generic sg0 type 0
[   21.193072] sd 2:0:0:0: [sda] 83886080 512-byte logical blocks: (42.9 GB/40.0 GiB)
[   21.198553] sd 2:0:1:0: Attached scsi generic sg1 type 0
[   21.267060] sd 2:0:0:0: [sda] Write Protect is off
[   21.287441] sd 2:0:1:0: [sdb] 20480 512-byte logical blocks: (10.5 MB/10.0 MiB)
[   21.311974] sd 2:0:0:0: [sda] Incomplete mode parameter data
[   21.317236] sd 2:0:0:0: [sda] Assuming drive cache: write through
[   21.360479] sd 2:0:1:0: [sdb] Write Protect is off
[   21.406926] sd 2:0:1:0: [sdb] Incomplete mode parameter data
[   21.455842] sd 2:0:1:0: [sdb] Assuming drive cache: write through
[   21.496524]  sda: sda1
[   21.511671] sd 2:0:0:0: [sda] Attached SCSI disk
[   21.552752] sd 2:0:1:0: [sdb] Attached SCSI disk
[   21.842814] e1000 0000:00:08.0 eth1: (PCI:33MHz:32-bit) 08:00:27:b6:1d:f2
[   21.849255] e1000 0000:00:08.0 eth1: Intel(R) PRO/1000 Network Connection
[   21.881831] e1000 0000:00:08.0 enp0s8: renamed from eth1
[   21.942429] e1000 0000:00:03.0 enp0s3: renamed from eth0
Begin: Loading essential drivers ... [   24.728513] raid6: sse2x1   gen()  1496 MB/s
[   24.808476] raid6: sse2x1   xor()   902 MB/s
[   24.888248] raid6: sse2x2   gen()  2739 MB/s
[   24.953348] raid6: sse2x2   xor()  1556 MB/s
[   25.028435] raid6: sse2x4   gen()  3301 MB/s
[   25.104082] raid6: sse2x4   xor()  2248 MB/s
[   25.152253] raid6: avx2x1   gen()  3167 MB/s
[   25.208966] raid6: avx2x1   xor()  1670 MB/s
[   25.256245] raid6: avx2x2   gen()  4954 MB/s
[   25.308193] raid6: avx2x2   xor()  2758 MB/s
[   25.364235] raid6: avx2x4   gen()  7201 MB/s
[   25.420155] raid6: avx2x4   xor()  4064 MB/s
[   25.432998] raid6: using algorithm avx2x4 gen() 7201 MB/s
[   25.443650] raid6: .... xor() 4064 MB/s, rmw enabled
[   25.458957] raid6: using avx2x2 recovery algorithm
[   25.476249] xor: automatically using best checksumming function   avx       
[   25.509828] async_tx: api initialized (async)
done.
Begin: Running /scripts/init-premount ... done.
Begin: Mounting root file system ... Begin: Running /scripts/local-top ... done.
Begin: Running /scripts/local-premount ... [   25.708503] Btrfs loaded, crc32c=crc32c-intel
Scanning for Btrfs filesystems
done.
Warning: fsck no[   25.848747] EXT4-fs (sda1): INFO: recovery required on readonly filesystem
t present, so sk[   25.907294] EXT4-fs (sda1): write access will be enabled during recovery
ipping root file system
[   26.231920] EXT4-fs (sda1): recovery complete
[   26.270733] EXT4-fs (sda1): mounted filesystem with ordered data mode. Opts: (null)
done.
Begin: Running /scripts/local-bottom ... done.
Begin: Running /scripts/init-bottom ... done.
[   26.719444] ip_tables: (C) 2000-2006 Netfilter Core Team
[   26.762576] systemd[1]: systemd 237 running in system mode. (+PAM +AUDIT +SELINUX +IMA +APPARMOR +SMACK +SYSVINIT +UTMP +LIBCRYPTSETUP +GCRYPT +GNUTLS +ACL +XZ +LZ4 +SECCOMP +BLKID +ELFUTILS +KMOD -IDN2 +IDN -PCRE2 default-hierarchy=hybrid)
[   26.912246] systemd[1]: Detected virtualization oracle.
[   26.978284] systemd[1]: Detected architecture x86-64.

Welcome to [1mUbuntu 18.04.6 LTS[0m!

[   27.011189] systemd[1]: Set hostname to <ubuntu-bionic>.
[   27.784641] systemd[1]: Set up automount Arbitrary Executable File Formats File System Automount Point.
[[0;32m  OK  [0m] Set up automount Arbitrary Executab…rmats File System Automount Point.
[   27.844739] systemd[1]: Reached target System Time Synchronized.
[[0;32m  OK  [0m] Reached target System Time Synchronized.
[   27.884832] systemd[1]: Reached target Swap.
[[0;32m  OK  [0m] Reached target Swap.
[   27.895064] systemd[1]: Reached target User and Group Name Lookups.
[[0;32m  OK  [0m] Reached target User and Group Name Lookups.
[   28.000810] systemd[1]: Created slice System Slice.
[[0;32m  OK  [0m] Created slice System Slice.
[   28.049364] systemd[1]: Listening on LVM2 metadata daemon socket.
[[0;32m  OK  [0m] Listening on LVM2 metadata daemon socket.
[[0;32m  OK  [0m] Listening on udev Kernel Socket.
[[0;32m  OK  [0m] Listening on udev Control Socket.
[[0;32m  OK  [0m] Listening on Journal Socket (/dev/log).
[[0;32m  OK  [0m] Created slice system-serial\x2dgetty.slice.
[[0;32m  OK  [0m] Listening on Network Service Netlink Socket.
[[0;32m  OK  [0m] Listening on Device-mapper event daemon FIFOs.
[[0;32m  OK  [0m] Listening on Journal Socket.
         Starting Monitoring of LVM2 mirrors…ng dmeventd or progress polling...
         Starting udev Coldplug all Devices...
         Mounting Huge Pages File System...
         Mounting Kernel Debug File System...
         Starting Uncomplicated firewall...
[[0;32m  OK  [0m] Listening on LVM2 poll daemon socket.
         Starting Create list of required st…ce nodes for the current kernel...
         Starting Set the console keyboard layout...
         Mounting POSIX Message Queue File System...
[[0;32m  OK  [0m] Started Forward Password Requests to Wall Directory Watch.
[[0;32m  OK  [0m] Listening on Syslog Socket.
[[0;32m  OK  [0m] Listening on /dev/initctl Compatibility Named Pipe.
[[0;32m  OK  [0m] Listening on fsck to fsckd communication Socket.
         Starting File System Check on Root Device...
[[0;32m  OK  [0m] Listening on Journal Audit Socket.
         Starting Journal Service...
         Starting Load Kernel Mo[   29.214204] Loading iSCSI transport class v2.0-870.
dules...
[[0;32m  OK  [0m] Created slic[   29.269945] iscsi: registered transport (tcp)
e User and Session Slice.
[[0;32m  OK  [0m] Reached target Slices.
[   29.379953] iscsi: registered transport (iser)
[[0;32m  OK  [0m] Started Journal Service.
[[0;32m  OK  [0m] Mounted Huge Pages File System.
[[0;32m  OK  [0m] Mounted Kernel Debug File System.
[[0;32m  OK  [0m] Started Uncomplicated firewall.
[[0;32m  OK  [0m] Started Create list of required sta…vice nodes for the current kernel.
[[0;32m  OK  [0m] Started Set the console keyboard layout.
[[0;32m  OK  [0m] Mounted POSIX Message Queue File System.
[[0;32m  OK  [0m] Started File System Check on Root Device.
[[0;32m  OK  [0m] Started Load Kernel Modules.
[[0;32m  OK  [0m] Started udev Coldplug all Devices.
[[0;32m  OK  [0m] Started LVM2 metadata daemon.
[[0;32m  OK  [0m] Started File System Check Daemon to report status.
         Starting Apply Kernel Variables...
         Mounting FUSE Control File System...
         Mounting Kernel Configuration File System...
         Starting Remount Root and Kernel File Systems...
         Starting Create Static Device Nodes in /dev...
[[0;32m  OK  [0m] Started Monitoring of LVM2 mirrors,…sing dmeventd or progress polling.
[[0;32m  OK  [0m] Started Apply Kernel Variables.
[[0;32m  OK  [0m] Mounted FUSE Control File System.
[[0;32m  OK  [0m] Mounted Kernel Configuration File System.
[[0;32m  OK  [0m] Started Remount Root and Kernel File Systems.
[[0;32m  OK  [0m] Started Create Static Device Nodes in /dev.
         Starting Flush Journal to Persistent Storage...
         Starting udev Kernel Device Manager...
         Starting Load/Save Random Seed...
[[0;32m  OK  [0m] Reached target Local File Systems (Pre).
[[0;32m  OK  [0m] Reached target Local File Systems.
         Starting Tell Plymouth To Write Out Runtime Data...
         Starting Set console font and keymap...
         Starting AppArmor initialization...
         Starting ebtables ruleset management...
[[0;32m  OK  [0m] Started udev Kernel Device Manager.
[[0;32m  OK  [0m] Started Load/Save Random Seed.
[[0;32m  OK  [0m] Started Tell Plymouth To Write Out Runtime Data.
[[0;32m  OK  [0m] Started Set console font and keymap.
[[0;32m  OK  [0m] Started Dispatch Password Requests to Console Directory Watch.
[[0;32m  OK  [0m] Reached target Local Encrypted Volumes.
[[0;32m  OK  [0m] Started ebtables ruleset management.
[[0;32m  OK  [0m] Started Flush Journal to Persistent Storage.
         Starting Create Volatile Files and Directories...
[[0;32m  OK  [0m] Started Create Volatile Files and Directories.
[[0;32m  OK  [0m] Found device /dev/ttyS0.
[[0;32m  OK  [0m] Listening on Load/Save RF Kill Switch Status /dev/rfkill Watch.
         Starting Update UTMP about System Boot/Shutdown...
[[0;32m  OK  [0m] Started AppArmor initialization.
[[0;32m  OK  [0m] Started Update UTMP about System Boot/Shutdown.
         Starting Initial cloud-init job (pre-networking)...
         Starting Load AppArmor profiles managed internally by snapd...
         Mounting Arbitrary Executable File Formats File System...
[[0;32m  OK  [0m] Mounted Arbitrary Executable File Formats File System.
[[0;32m  OK  [0m] Started Load AppArmor profiles managed internally by snapd.
[   37.134904] cloud-init[552]: Cloud-init v. 22.3.4-0ubuntu1~18.04.1 running 'init-local' at Wed, 18 Jan 2023 13:49:53 +0000. Up 36.47 seconds.
[[0;32m  OK  [0m] Started Initial cloud-init job (pre-networking).
[[0;32m  OK  [0m] Reached target Network (Pre).
         Starting Network Service...
[[0;32m  OK  [0m] Started Network Service.
         Starting Wait for Network to be Configured...
         Starting Network Name Resolution...
[[0;32m  OK  [0m] Started Network Name Resolution.
[[0;32m  OK  [0m] Reached target Network.
[[0;32m  OK  [0m] Reached target Host and Network Name Lookups.
[[0;32m  OK  [0m] Started Wait for Network to be Configured.
         Starting Initial cloud-init job (metadata service crawler)...
[   42.161631] cloud-init[679]: Cloud-init v. 22.3.4-0ubuntu1~18.04.1 running 'init' at Wed, 18 Jan 2023 13:49:58 +0000. Up 41.43 seconds.
[   42.227826] cloud-init[679]: ci-info: ++++++++++++++++++++++++++++++++++++++Net device info+++++++++++++++++++++++++++++++++++++++
[   42.312582] cloud-init[679]: ci-info: +--------+------+-----------------------------+---------------+--------+-------------------+
[   42.408498] cloud-init[679]: ci-info: | Device |  Up  |           Address           |      Mask     | Scope  |     Hw-Address    |
[   42.473801] cloud-init[679]: ci-info: +--------+------+-----------------------------+---------------+--------+-------------------+
[   42.593252] cloud-init[679]: ci-info: | enp0s3 | True |          10.0.2.15          | 255.255.255.0 | global | 02:d4:40:b8:a4:a0 |
[   42.705637] cloud-init[679]: ci-info: | enp0s3 | True |  fe80::d4:40ff:feb8:a4a0/64 |       .       |  link  | 02:d4:40:b8:a4:a0 |
[[   42.780928] cloud-init[679]: ci-info: | enp0s8 | True |        192.168.40.11        | 255.255.255.0 | global | 08:00:27:b6:1d:f2 |
[   42.781376] cloud-init[679]: ci-info: | enp0s8 | True | fe80::a00:27ff:feb6:1df2/64 |       .       |  link  | 08:00:27:b6:1d:f2 |
[0;32m  OK  [0m] Started Initial cloud-init job (metadata service crawler).
[   42.781961] cloud-init[679]: ci-info: |   lo   | True |          127.0.0.1          |   255.0.0.0   |  host  |         .         |
[[   43.012678] cloud-init[679]: ci-info: |   lo   | True |           ::1/128           |       .       |  host  |         .         |
[   43.013094] cloud-init[679]: ci-info: +--------+------+-----------------------------+---------------+--------+-------------------+
[0;32m  OK  [0m] Reached target System Initialization.
[   43.013587] cloud-init[679]: ci-info: +++++++++++++++++++++++++++++Route IPv4 info+++++++++++++++++++++++++++++
         Starting LXD - unix socket.
[   43.173445] cloud-init[679]: ci-info: +-------+--------------+----------+-----------------+-----------+-------+
[[   43.209130] cloud-init[679]: ci-info: | Route | Destination  | Gateway  |     Genmask     | Interface | Flags |
[   43.209551] cloud-init[679]: ci-info: +-------+--------------+----------+-----------------+-----------+-------+
[0;32m  OK  [0m] Started Daily apt download activities.
[   43.209932] cloud-init[679]: ci-info: |   0   |   0.0.0.0    | 10.0.2.2 |     0.0.0.0     |   enp0s3  |   UG  |
[   43.333498] cloud-init[679]: ci-info: |   1   |   10.0.2.0   | 0.0.0.0  |  255.255.255.0  |   enp0s3  |   U   |
         [   43.412510] Starting Socket activation for snappy daemon.cloud-init
[679]: ci-info: |   2   |   10.0.2.2   | 0.0.0.0  | 255.255.255.255 |   enp0s3  |   UH  |
[[   43.488730] cloud-init[679]: ci-info: |   3   | 192.168.40.0 | 0.0.0.0  |  255.255.255.0  |   enp0s8  |   U   |
[   43.489160] cloud-init[679]: ci-info: +-------+--------------+----------+-----------------+-----------+-------+
[0;32m  OK  [0m] Started Discard unused blocks once a week.
[   43.489786] cloud-init[679]: ci-info: +++++++++++++++++++Route IPv6 info+++++++++++++++++++
[[   43.645363] cloud-init[679]: ci-info: +-------+-------------+---------+-----------+-------+
[   43.645806] cloud-init[679]: ci-info: | Route | Destination | Gateway | Interface | Flags |
[0;32m  OK  [0m] Listening on UUID daemon activation socket.
[[   43.647149] cloud-init[679]: ci-info: +-------+-------------+---------+-----------+-------+
[   43.734012] cloud-init[679]: ci-info: |   1   |  fe80::/64  |    ::   |   enp0s8  |   U   |
[0;32m  OK  [0m] Listening on cloud-init hotplug hook socket.
[   43.734314] cloud-init[679]: ci-info: |   2   |  fe80::/64  |    ::   |   enp0s3  |   U   |
[[   43.875551] cloud-init[679]: ci-info: |   4   |    local    |    ::   |   enp0s3  |   U   |
[   43.875964] cloud-init[679]: ci-info: |   5   |    local    |    ::   |   enp0s8  |   U   |
[   43.876856] cloud-init[679]: ci-info: |   6   |   ff00::/8  |    ::   |   enp0s8  |   U   |
[   43.877087] cloud-init[679]: ci-info: |   7   |   ff00::/8  |    ::   |   enp0s3  |   U   |
[   43.877270] cloud-init[679]: ci-info: +-------+-------------+---------+-----------+-------+
[0;32m  OK  [0m] Listening on D-Bus System Message Bus Socket.
[[0;32m  OK  [0m] Listening on Open-iSCSI iscsid Socket.
[[0;32m  OK  [0m] Started ACPI Events Check.
[[0;32m  OK  [0m] Reached target Paths.
[[0;32m  OK  [0m] Started Daily apt upgrade and clean activities.
[[0;32m  OK  [0m] Started Message of the Day.
[[0;32m  OK  [0m] Started Daily Cleanup of Temporary Directories.
[[0;32m  OK  [0m] Started Ubuntu Advantage Timer forrrunning repeated jobs.
[[0;32m  OK  [0m] Reached target Timers.
[[0;32m  OK  [0m] Listening on ACPID Listen Socket.
[[0;32m  OK  [0m] Reached target Cloud-config availability.
[[0;32m  OK  [0m] Reached target Network is Online.
[[0;32m  OK  [0m] Reached target Remote File Systems (Pre).
         Starting Availability of block devices...
         Mounting /vagrant...
[[0;32m  OK  [0m] Listening on LXD - unix socket.
[[0;32m  OK  [0m] Listening on Socket activation for snappy daemon.
[[0;32m  OK  [0m] Started Availability of block devices.
[[0;32m  OK  [0m] Mounted /vagrant.
[[0;32m  OK  [0m] Reached target Remote File Systems.
[[0;32m  OK  [0m] Reached target Sockets.
[[0;32m  OK  [0m] Reached target Basic System.
[[0;32m  OK  [0m] Started FUSE filesystem for LXC.
         Starting Accounts Service...
         Starting Permit User Sessions...
[[0;32m  OK  [0m] Reached target Login Prompts (Pre).
         Starting Message of the Day...
         Starting Virtualbox guest utils...
         Starting Discard unused blocks...
         Starting Dispatcher daemon for systemd-networkd...
         Starting OpenBSD Secure Shell server...
[[0;32m  OK  [0m] Started irqbalance daemon.
[[0;32m  OK  [0m] Started Deferred execution scheduler.
[[0;32m  OK  [0m] Started Regular background program processing daemon.
         Starting LSB: automatic crash report generation...
         Starting LSB: Record successful boot for GRUB...
         Starting Snap Daemon...
[[0;32m  OK  [0m] Started D-Bus System Message Bus.
         Starting System Logging Service...
         Starting LXD - container startup/shutdown...
         Starting Login Service...
[[0;32m  OK  [0m] Started Permit User Sessions.
[[0;32m  OK  [0m] Started Discard unused blocks.
         Starting Hold until boot process finishes up...
         Starting Terminate Plymouth Boot Screen...
[[0;32m  OK  [0m] Started Hold until boot process finishes up.
[[0;32m  OK  [0m] Started OpenBSD Secure Shell server.
[[0;32m  OK  [0m] Started System Logging Service.
[[0;32m  OK  [0m] Started Terminate Plymouth Boot Screen.
[[0;32m  OK  [0m] Started Login Service.
[[0;32m  OK  [0m] Started Unattended Upgrades Shutdown.
[[0;32m  OK  [0m] Started Serial Getty on ttyS0.
         Starting Set console scheme...
[[0;32m  OK  [0m] Started LSB: automatic crash report generation.
[[0;32m  OK  [0m] Started Set console scheme.
[[0;32m  OK  [0m] Created slice system-getty.slice.
[[0;32m  OK  [0m] Started Getty on tty1.
[[0;32m  OK  [0m] Reached target Login Prompts.
         Starting Authorization Manager...
[[0;32m  OK  [0m] Started LSB: Record successful boot for GRUB.
[[0;32m  OK  [0m] Started Virtualbox guest utils.
[[0;32m  OK  [0m] Started Authorization Manager.
[[0;32m  OK  [0m] Started Accounts Service.
[[0;32m  OK  [0m] Created slice User Slice of vagrant.
[[0;32m  OK  [0m] Started LXD - container startup/shutdown.
         Starting User Manager for UID 1000...
[[0;32m  OK  [0m] Started Session 1 of user vagrant.
[[0;32m  OK  [0m] Started Dispatcher daemon for systemd-networkd.
[[0;32m  OK  [0m] Started User Manager for UID 1000.
[[0;32m  OK  [0m] Started Snap Daemon.
         Starting Time & Date Service...
         Starting Wait until snapd is fully seeded...
[[0;32m  OK  [0m] Started Time & Date Service.
[[0;32m  OK  [0m] Started Wait until snapd is fully seeded.
         Starting Apply the settings specified in cloud-config...
[[0;32m  OK  [0m] Started Message of the Day.

Ubuntu 18.04.6 LTS ubuntu-bionic ttyS0

ubuntu-bionic login: [   52.431538] cloud-init[1101]: Cloud-init v. 22.3.4-0ubuntu1~18.04.1 running 'modules:config' at Wed, 18 Jan 2023 13:50:08 +0000. Up 51.14 seconds.
[   55.560810] cloud-init[1243]: Cloud-init v. 22.3.4-0ubuntu1~18.04.1 running 'modules:final' at Wed, 18 Jan 2023 13:50:11 +0000. Up 54.93 seconds.
[   55.561065] cloud-init[1243]: Cloud-init v. 22.3.4-0ubuntu1~18.04.1 finished at Wed, 18 Jan 2023 13:50:12 +0000. Datasource DataSourceNoCloud [seed=/dev/sdb][dsmode=net].  Up 55.53 seconds
[[0;32m  OK  [0m] Stopped Wait until snapd is fully seeded.
         Stopping Wait until snapd is fully seeded...
[[0;32m  OK  [0m] Closed Socket activation for snappy daemon.
         Stopping Socket activation for snappy daemon.
         Starting Socket activation for snappy daemon.
[[0;32m  OK  [0m] Listening on Socket activation for snappy daemon.
         Starting Wait until snapd is fully seeded...
         Starting Snap Daemon...
[[0;32m  OK  [0m] Stopped Snap Daemon.
         Starting Snap Daemon...
[[0;32m  OK  [0m] Started Snap Daemon.
         Starting Time & Date Service...
[[0;32m  OK  [0m] Started Time & Date Service.
[[0;32m  OK  [0m] Started Wait until snapd is fully seeded.
[[0;32m  OK  [0m] Stopped Load AppArmor profiles managed internally by snapd.
         Stopping Load AppArmor profiles managed internally by snapd...
         Starting Load AppArmor profiles managed internally by snapd...
[[0;32m  OK  [0m] Stopped Wait until snapd is fully seeded.
         Stopping Wait until snapd is fully seeded...
         Starting Wait until snapd is fully seeded...
[[0;32m  OK  [0m] Started Load AppArmor profiles managed internally by snapd.
[[0;32m  OK  [0m] Started Wait until snapd is fully seeded.
         Stopping LSB: Record successful boot for GRUB...
[[0;32m  OK  [0m] Stopped LSB: Record successful boot for GRUB.
         Starting LSB: Record successful boot for GRUB...
[[0;32m  OK  [0m] Started LSB: Record successful boot for GRUB.
[[0;32m  OK  [0m] Started Daily apt upgrade and clean activities.
